<?xml version="1.0" encoding="UTF-8"?>
<testng-results ignored="0" total="1" passed="1" failed="0" skipped="0">
  <reporter-output>
  </reporter-output>
  <suite started-at="2025-01-22T16:25:22 GMT-06:00" name="Default suite" finished-at="2025-01-22T16:25:39 GMT-06:00" duration-ms="17260">
    <groups>
    </groups>
    <test started-at="2025-01-22T16:25:22 GMT-06:00" name="Default test" finished-at="2025-01-22T16:25:39 GMT-06:00" duration-ms="17260">
      <class name="actionclassfeatures.RCDCDDMHK">
        <test-method is-config="true" signature="beforeTest()[pri:0, instance:actionclassfeatures.RCDCDDMHK@3bb9a3ff]" started-at="2025-01-22T16:25:22 GMT-06:00" name="beforeTest" finished-at="2025-01-22T16:25:33 GMT-06:00" duration-ms="11092" status="PASS">
          <reporter-output>
          </reporter-output>
        </test-method> <!-- beforeTest -->
        <test-method signature="keyboardfunctions()[pri:0, instance:actionclassfeatures.RCDCDDMHK@3bb9a3ff]" started-at="2025-01-22T16:25:33 GMT-06:00" name="keyboardfunctions" finished-at="2025-01-22T16:25:39 GMT-06:00" duration-ms="6097" status="PASS">
          <reporter-output>
          </reporter-output>
        </test-method> <!-- keyboardfunctions -->
      </class> <!-- actionclassfeatures.RCDCDDMHK -->
    </test> <!-- Default test -->
  </suite> <!-- Default suite -->
</testng-results>
